  [1m[35m (5.7ms)[0m  [1m[34mSELECT sqlite_version(*)[0m
  [1m[35m (227.0ms)[0m  [1m[35mCREATE TABLE "schema_migrations" ("version" varchar NOT NULL PRIMARY KEY)[0m
  [1m[35m (67.9ms)[0m  [1m[35mCREATE TABLE "ar_internal_metadata" ("key" varchar NOT NULL PRIMARY KEY, "value" varchar, "created_at" datetime(6) NOT NULL, "updated_at" datetime(6) NOT NULL)[0m
  [1m[35m (0.3ms)[0m  [1m[34mSELECT "schema_migrations"."version" FROM "schema_migrations" ORDER BY "schema_migrations"."version" ASC[0m
Migrating to CreatePosts (20201222175429)
  [1m[36mTRANSACTION (0.1ms)[0m  [1m[36mbegin transaction[0m
  [1m[35m (2.1ms)[0m  [1m[35mCREATE TABLE "posts" ("id" integer PRIMARY KEY AUTOINCREMENT NOT NULL, "title" varchar, "body" text, "created_at" datetime(6) NOT NULL, "updated_at" datetime(6) NOT NULL)[0m
  [1m[36mActiveRecord::SchemaMigration Create (0.3ms)[0m  [1m[32mINSERT INTO "schema_migrations" ("version") VALUES (?)[0m  [["version", "20201222175429"]]
  [1m[36mTRANSACTION (124.1ms)[0m  [1m[36mcommit transaction[0m
Migrating to CreateComments (20201222175452)
  [1m[36mTRANSACTION (0.1ms)[0m  [1m[36mbegin transaction[0m
  [1m[35m (1.5ms)[0m  [1m[35mCREATE TABLE "comments" ("id" integer PRIMARY KEY AUTOINCREMENT NOT NULL, "post_id" integer NOT NULL, "body" text, "created_at" datetime(6) NOT NULL, "updated_at" datetime(6) NOT NULL, CONSTRAINT "fk_rails_2fd19c0db7"
FOREIGN KEY ("post_id")
  REFERENCES "posts" ("id")
)[0m
  [1m[35m (0.3ms)[0m  [1m[35mCREATE INDEX "index_comments_on_post_id" ON "comments" ("post_id")[0m
  [1m[36mActiveRecord::SchemaMigration Create (0.4ms)[0m  [1m[32mINSERT INTO "schema_migrations" ("version") VALUES (?)[0m  [["version", "20201222175452"]]
  [1m[36mTRANSACTION (140.3ms)[0m  [1m[36mcommit transaction[0m
Migrating to CreateUsers (20201222175621)
  [1m[36mTRANSACTION (0.1ms)[0m  [1m[36mbegin transaction[0m
  [1m[35m (1.1ms)[0m  [1m[35mCREATE TABLE "users" ("id" integer PRIMARY KEY AUTOINCREMENT NOT NULL, "first_name" varchar, "last_name" varchar, "created_at" datetime(6) NOT NULL, "updated_at" datetime(6) NOT NULL)[0m
  [1m[36mActiveRecord::SchemaMigration Create (0.3ms)[0m  [1m[32mINSERT INTO "schema_migrations" ("version") VALUES (?)[0m  [["version", "20201222175621"]]
  [1m[36mTRANSACTION (84.9ms)[0m  [1m[36mcommit transaction[0m
Migrating to AddUseridToPosts (20201222175700)
  [1m[36mTRANSACTION (0.1ms)[0m  [1m[36mbegin transaction[0m
  [1m[35m (0.0ms)[0m  [1m[35mPRAGMA foreign_keys[0m
  [1m[35m (0.1ms)[0m  [1m[35mPRAGMA defer_foreign_keys[0m
  [1m[35m (0.1ms)[0m  [1m[35mPRAGMA defer_foreign_keys = ON[0m
  [1m[35m (0.1ms)[0m  [1m[35mPRAGMA foreign_keys = OFF[0m
  [1m[35m (0.2ms)[0m  [1m[35mCREATE TEMPORARY TABLE "aposts" ("id" integer NOT NULL PRIMARY KEY, "title" varchar DEFAULT NULL, "body" text DEFAULT NULL, "created_at" datetime(6) NOT NULL, "updated_at" datetime(6) NOT NULL)[0m
  [1m[35m (0.1ms)[0m  [1m[32mINSERT INTO "aposts" ("id","title","body","created_at","updated_at")
                     SELECT "id","title","body","created_at","updated_at" FROM "posts"[0m
  [1m[35m (1.3ms)[0m  [1m[35mDROP TABLE "posts"[0m
  [1m[35m (0.1ms)[0m  [1m[35mCREATE TABLE "posts" ("id" integer NOT NULL PRIMARY KEY, "title" varchar DEFAULT NULL, "body" text DEFAULT NULL, "created_at" datetime(6) NOT NULL, "updated_at" datetime(6) NOT NULL, "user_id" integer NOT NULL)[0m
  [1m[35m (0.1ms)[0m  [1m[32mINSERT INTO "posts" ("id","title","body","created_at","updated_at")
                     SELECT "id","title","body","created_at","updated_at" FROM "aposts"[0m
  [1m[35m (0.3ms)[0m  [1m[35mDROP TABLE "aposts"[0m
  [1m[35m (0.1ms)[0m  [1m[35mPRAGMA defer_foreign_keys = 0[0m
  [1m[35m (0.1ms)[0m  [1m[35mPRAGMA foreign_keys = 1[0m
  [1m[35m (0.2ms)[0m  [1m[35mCREATE INDEX "index_posts_on_user_id" ON "posts" ("user_id")[0m
  [1m[35m (0.0ms)[0m  [1m[35mPRAGMA foreign_keys[0m
  [1m[35m (0.0ms)[0m  [1m[35mPRAGMA defer_foreign_keys[0m
  [1m[35m (0.0ms)[0m  [1m[35mPRAGMA defer_foreign_keys = ON[0m
  [1m[35m (0.0ms)[0m  [1m[35mPRAGMA foreign_keys = OFF[0m
  [1m[35m (0.2ms)[0m  [1m[35mCREATE TEMPORARY TABLE "aposts" ("id" integer NOT NULL PRIMARY KEY, "title" varchar DEFAULT NULL, "body" text DEFAULT NULL, "created_at" datetime(6) NOT NULL, "updated_at" datetime(6) NOT NULL, "user_id" integer NOT NULL)[0m
  [1m[35m (0.1ms)[0m  [1m[35mCREATE INDEX "tindex_aposts_on_user_id" ON "aposts" ("user_id")[0m
  [1m[35m (0.1ms)[0m  [1m[32mINSERT INTO "aposts" ("id","title","body","created_at","updated_at","user_id")
                     SELECT "id","title","body","created_at","updated_at","user_id" FROM "posts"[0m
  [1m[35m (0.2ms)[0m  [1m[35mDROP TABLE "posts"[0m
  [1m[35m (0.2ms)[0m  [1m[35mCREATE TABLE "posts" ("id" integer NOT NULL PRIMARY KEY, "title" varchar DEFAULT NULL, "body" text DEFAULT NULL, "created_at" datetime(6) NOT NULL, "updated_at" datetime(6) NOT NULL, "user_id" integer NOT NULL, CONSTRAINT "fk_rails_5b5ddfd518"
FOREIGN KEY ("user_id")
  REFERENCES "users" ("id")
)[0m
  [1m[35m (0.1ms)[0m  [1m[35mCREATE INDEX "index_posts_on_user_id" ON "posts" ("user_id")[0m
  [1m[35m (0.1ms)[0m  [1m[32mINSERT INTO "posts" ("id","title","body","created_at","updated_at","user_id")
                     SELECT "id","title","body","created_at","updated_at","user_id" FROM "aposts"[0m
  [1m[35m (0.1ms)[0m  [1m[35mDROP TABLE "aposts"[0m
  [1m[35m (0.0ms)[0m  [1m[35mPRAGMA defer_foreign_keys = 0[0m
  [1m[35m (0.0ms)[0m  [1m[35mPRAGMA foreign_keys = 1[0m
  [1m[36mActiveRecord::SchemaMigration Create (0.3ms)[0m  [1m[32mINSERT INTO "schema_migrations" ("version") VALUES (?)[0m  [["version", "20201222175700"]]
  [1m[36mTRANSACTION (70.5ms)[0m  [1m[36mcommit transaction[0m
Migrating to AddUseridToComments (20201222175719)
  [1m[36mTRANSACTION (0.1ms)[0m  [1m[36mbegin transaction[0m
  [1m[35m (0.0ms)[0m  [1m[35mPRAGMA foreign_keys[0m
  [1m[35m (0.0ms)[0m  [1m[35mPRAGMA defer_foreign_keys[0m
  [1m[35m (0.0ms)[0m  [1m[35mPRAGMA defer_foreign_keys = ON[0m
  [1m[35m (0.0ms)[0m  [1m[35mPRAGMA foreign_keys = OFF[0m
  [1m[35m (0.2ms)[0m  [1m[35mCREATE TEMPORARY TABLE "acomments" ("id" integer NOT NULL PRIMARY KEY, "post_id" integer NOT NULL, "body" text DEFAULT NULL, "created_at" datetime(6) NOT NULL, "updated_at" datetime(6) NOT NULL)[0m
  [1m[35m (0.1ms)[0m  [1m[35mCREATE INDEX "tindex_acomments_on_post_id" ON "acomments" ("post_id")[0m
  [1m[35m (0.1ms)[0m  [1m[32mINSERT INTO "acomments" ("id","post_id","body","created_at","updated_at")
                     SELECT "id","post_id","body","created_at","updated_at" FROM "comments"[0m
  [1m[35m (1.3ms)[0m  [1m[35mDROP TABLE "comments"[0m
  [1m[35m (0.2ms)[0m  [1m[35mCREATE TABLE "comments" ("id" integer NOT NULL PRIMARY KEY, "post_id" integer NOT NULL, "body" text DEFAULT NULL, "created_at" datetime(6) NOT NULL, "updated_at" datetime(6) NOT NULL, "user_id" integer NOT NULL, CONSTRAINT "fk_rails_2fd19c0db7"
FOREIGN KEY ("post_id")
  REFERENCES "posts" ("id")
)[0m
  [1m[35m (0.1ms)[0m  [1m[35mCREATE INDEX "index_comments_on_post_id" ON "comments" ("post_id")[0m
  [1m[35m (0.1ms)[0m  [1m[32mINSERT INTO "comments" ("id","post_id","body","created_at","updated_at")
                     SELECT "id","post_id","body","created_at","updated_at" FROM "acomments"[0m
  [1m[35m (0.1ms)[0m  [1m[35mDROP TABLE "acomments"[0m
  [1m[35m (0.0ms)[0m  [1m[35mPRAGMA defer_foreign_keys = 0[0m
  [1m[35m (0.0ms)[0m  [1m[35mPRAGMA foreign_keys = 1[0m
  [1m[35m (0.2ms)[0m  [1m[35mCREATE INDEX "index_comments_on_user_id" ON "comments" ("user_id")[0m
  [1m[35m (0.0ms)[0m  [1m[35mPRAGMA foreign_keys[0m
  [1m[35m (0.0ms)[0m  [1m[35mPRAGMA defer_foreign_keys[0m
  [1m[35m (0.1ms)[0m  [1m[35mPRAGMA defer_foreign_keys = ON[0m
  [1m[35m (0.1ms)[0m  [1m[35mPRAGMA foreign_keys = OFF[0m
  [1m[35m (0.1ms)[0m  [1m[35mCREATE TEMPORARY TABLE "acomments" ("id" integer NOT NULL PRIMARY KEY, "post_id" integer NOT NULL, "body" text DEFAULT NULL, "created_at" datetime(6) NOT NULL, "updated_at" datetime(6) NOT NULL, "user_id" integer NOT NULL)[0m
  [1m[35m (0.3ms)[0m  [1m[35mCREATE INDEX "tindex_acomments_on_user_id" ON "acomments" ("user_id")[0m
  [1m[35m (0.2ms)[0m  [1m[35mCREATE INDEX "tindex_acomments_on_post_id" ON "acomments" ("post_id")[0m
  [1m[35m (0.1ms)[0m  [1m[32mINSERT INTO "acomments" ("id","post_id","body","created_at","updated_at","user_id")
                     SELECT "id","post_id","body","created_at","updated_at","user_id" FROM "comments"[0m
  [1m[35m (0.2ms)[0m  [1m[35mDROP TABLE "comments"[0m
  [1m[35m (0.2ms)[0m  [1m[35mCREATE TABLE "comments" ("id" integer NOT NULL PRIMARY KEY, "post_id" integer NOT NULL, "body" text DEFAULT NULL, "created_at" datetime(6) NOT NULL, "updated_at" datetime(6) NOT NULL, "user_id" integer NOT NULL, CONSTRAINT "fk_rails_2fd19c0db7"
FOREIGN KEY ("post_id")
  REFERENCES "posts" ("id")
, CONSTRAINT "fk_rails_03de2dc08c"
FOREIGN KEY ("user_id")
  REFERENCES "users" ("id")
)[0m
  [1m[35m (0.1ms)[0m  [1m[35mCREATE INDEX "index_comments_on_post_id" ON "comments" ("post_id")[0m
  [1m[35m (0.1ms)[0m  [1m[35mCREATE INDEX "index_comments_on_user_id" ON "comments" ("user_id")[0m
  [1m[35m (0.1ms)[0m  [1m[32mINSERT INTO "comments" ("id","post_id","body","created_at","updated_at","user_id")
                     SELECT "id","post_id","body","created_at","updated_at","user_id" FROM "acomments"[0m
  [1m[35m (0.2ms)[0m  [1m[35mDROP TABLE "acomments"[0m
  [1m[35m (0.1ms)[0m  [1m[35mPRAGMA defer_foreign_keys = 0[0m
  [1m[35m (0.0ms)[0m  [1m[35mPRAGMA foreign_keys = 1[0m
  [1m[36mActiveRecord::SchemaMigration Create (0.3ms)[0m  [1m[32mINSERT INTO "schema_migrations" ("version") VALUES (?)[0m  [["version", "20201222175719"]]
  [1m[36mTRANSACTION (91.5ms)[0m  [1m[36mcommit transaction[0m
  [1m[36mActiveRecord::InternalMetadata Load (0.3ms)[0m  [1m[34mSELECT "ar_internal_metadata".* FROM "ar_internal_metadata" WHERE "ar_internal_metadata"."key" = ? LIMIT ?[0m  [["key", "environment"], ["LIMIT", 1]]
  [1m[36mTRANSACTION (0.1ms)[0m  [1m[36mbegin transaction[0m
  [1m[36mActiveRecord::InternalMetadata Create (1.1ms)[0m  [1m[32mINSERT INTO "ar_internal_metadata" ("key", "value", "created_at", "updated_at") VALUES (?, ?, ?, ?)[0m  [["key", "environment"], ["value", "development"], ["created_at", "2020-12-22 17:57:37.496307"], ["updated_at", "2020-12-22 17:57:37.496307"]]
  [1m[36mTRANSACTION (68.2ms)[0m  [1m[36mcommit transaction[0m
  [1m[35m (0.1ms)[0m  [1m[34mSELECT sqlite_version(*)[0m
  [1m[35m (0.3ms)[0m  [1m[34mSELECT "schema_migrations"."version" FROM "schema_migrations" ORDER BY "schema_migrations"."version" ASC[0m
  [1m[35m (0.9ms)[0m  [1m[34mSELECT sqlite_version(*)[0m
Started GET "/" for 127.0.0.1 at 2020-12-22 15:06:04 -0300
  [1m[35m (1.2ms)[0m  [1m[34mSELECT sqlite_version(*)[0m
  [1m[35m (0.7ms)[0m  [1m[34mSELECT "schema_migrations"."version" FROM "schema_migrations" ORDER BY "schema_migrations"."version" ASC[0m
Processing by Rails::WelcomeController#index as HTML
  Rendering C:/Ruby/lib/ruby/gems/2.7.0/gems/railties-6.1.0/lib/rails/templates/rails/welcome/index.html.erb
  Rendered C:/Ruby/lib/ruby/gems/2.7.0/gems/railties-6.1.0/lib/rails/templates/rails/welcome/index.html.erb (Duration: 22.3ms | Allocations: 462)
Completed 200 OK in 518ms (Views: 78.3ms | ActiveRecord: 0.0ms | Allocations: 3849)


Started GET "/comments" for 127.0.0.1 at 2020-12-22 15:06:17 -0300
Processing by CommentsController#index as HTML
Completed 406 Not Acceptable in 58ms (ActiveRecord: 0.0ms | Allocations: 3641)


  
ActionController::MissingExactTemplate (CommentsController#index is missing a template for request formats: text/html):
  
actionpack (6.1.0) lib/action_controller/metal/implicit_render.rb:45:in `default_render'
actionpack (6.1.0) lib/action_controller/metal/basic_implicit_render.rb:6:in `block in send_action'
actionpack (6.1.0) lib/action_controller/metal/basic_implicit_render.rb:6:in `tap'
actionpack (6.1.0) lib/action_controller/metal/basic_implicit_render.rb:6:in `send_action'
actionpack (6.1.0) lib/abstract_controller/base.rb:228:in `process_action'
actionpack (6.1.0) lib/action_controller/metal/rendering.rb:30:in `process_action'
actionpack (6.1.0) lib/abstract_controller/callbacks.rb:42:in `block in process_action'
activesupport (6.1.0) lib/active_support/callbacks.rb:117:in `block in run_callbacks'
actiontext (6.1.0) lib/action_text/rendering.rb:20:in `with_renderer'
actiontext (6.1.0) lib/action_text/engine.rb:55:in `block (4 levels) in <class:Engine>'
activesupport (6.1.0) lib/active_support/callbacks.rb:126:in `instance_exec'
activesupport (6.1.0) lib/active_support/callbacks.rb:126:in `block in run_callbacks'
activesupport (6.1.0) lib/active_support/callbacks.rb:137:in `run_callbacks'
actionpack (6.1.0) lib/abstract_controller/callbacks.rb:41:in `process_action'
actionpack (6.1.0) lib/action_controller/metal/rescue.rb:22:in `process_action'
actionpack (6.1.0) lib/action_controller/metal/instrumentation.rb:34:in `block in process_action'
activesupport (6.1.0) lib/active_support/notifications.rb:203:in `block in instrument'
activesupport (6.1.0) lib/active_support/notifications/instrumenter.rb:24:in `instrument'
activesupport (6.1.0) lib/active_support/notifications.rb:203:in `instrument'
actionpack (6.1.0) lib/action_controller/metal/instrumentation.rb:33:in `process_action'
actionpack (6.1.0) lib/action_controller/metal/params_wrapper.rb:249:in `process_action'
activerecord (6.1.0) lib/active_record/railties/controller_runtime.rb:27:in `process_action'
actionpack (6.1.0) lib/abstract_controller/base.rb:165:in `process'
actionview (6.1.0) lib/action_view/rendering.rb:39:in `process'
actionpack (6.1.0) lib/action_controller/metal.rb:190:in `dispatch'
actionpack (6.1.0) lib/action_controller/metal.rb:254:in `dispatch'
actionpack (6.1.0) lib/action_dispatch/routing/route_set.rb:50:in `dispatch'
actionpack (6.1.0) lib/action_dispatch/routing/route_set.rb:33:in `serve'
actionpack (6.1.0) lib/action_dispatch/journey/router.rb:50:in `block in serve'
actionpack (6.1.0) lib/action_dispatch/journey/router.rb:32:in `each'
actionpack (6.1.0) lib/action_dispatch/journey/router.rb:32:in `serve'
actionpack (6.1.0) lib/action_dispatch/routing/route_set.rb:842:in `call'
rack (2.2.3) lib/rack/tempfile_reaper.rb:15:in `call'
rack (2.2.3) lib/rack/etag.rb:27:in `call'
rack (2.2.3) lib/rack/conditional_get.rb:27:in `call'
rack (2.2.3) lib/rack/head.rb:12:in `call'
actionpack (6.1.0) lib/action_dispatch/http/permissions_policy.rb:22:in `call'
actionpack (6.1.0) lib/action_dispatch/http/content_security_policy.rb:18:in `call'
rack (2.2.3) lib/rack/session/abstract/id.rb:266:in `context'
rack (2.2.3) lib/rack/session/abstract/id.rb:260:in `call'
actionpack (6.1.0) lib/action_dispatch/middleware/cookies.rb:689:in `call'
activerecord (6.1.0) lib/active_record/migration.rb:601:in `call'
actionpack (6.1.0) lib/action_dispatch/middleware/callbacks.rb:27:in `block in call'
activesupport (6.1.0) lib/active_support/callbacks.rb:98:in `run_callbacks'
actionpack (6.1.0) lib/action_dispatch/middleware/callbacks.rb:26:in `call'
actionpack (6.1.0) lib/action_dispatch/middleware/executor.rb:14:in `call'
actionpack (6.1.0) lib/action_dispatch/middleware/actionable_exceptions.rb:18:in `call'
actionpack (6.1.0) lib/action_dispatch/middleware/debug_exceptions.rb:29:in `call'
web-console (4.1.0) lib/web_console/middleware.rb:132:in `call_app'
web-console (4.1.0) lib/web_console/middleware.rb:28:in `block in call'
web-console (4.1.0) lib/web_console/middleware.rb:17:in `catch'
web-console (4.1.0) lib/web_console/middleware.rb:17:in `call'
actionpack (6.1.0) lib/action_dispatch/middleware/show_exceptions.rb:33:in `call'
railties (6.1.0) lib/rails/rack/logger.rb:37:in `call_app'
railties (6.1.0) lib/rails/rack/logger.rb:26:in `block in call'
activesupport (6.1.0) lib/active_support/tagged_logging.rb:99:in `block in tagged'
activesupport (6.1.0) lib/active_support/tagged_logging.rb:37:in `tagged'
activesupport (6.1.0) lib/active_support/tagged_logging.rb:99:in `tagged'
railties (6.1.0) lib/rails/rack/logger.rb:26:in `call'
sprockets-rails (3.2.2) lib/sprockets/rails/quiet_assets.rb:13:in `call'
actionpack (6.1.0) lib/action_dispatch/middleware/remote_ip.rb:81:in `call'
actionpack (6.1.0) lib/action_dispatch/middleware/request_id.rb:26:in `call'
rack (2.2.3) lib/rack/method_override.rb:24:in `call'
rack (2.2.3) lib/rack/runtime.rb:22:in `call'
activesupport (6.1.0) lib/active_support/cache/strategy/local_cache_middleware.rb:29:in `call'
actionpack (6.1.0) lib/action_dispatch/middleware/executor.rb:14:in `call'
actionpack (6.1.0) lib/action_dispatch/middleware/static.rb:24:in `call'
rack (2.2.3) lib/rack/sendfile.rb:110:in `call'
actionpack (6.1.0) lib/action_dispatch/middleware/host_authorization.rb:98:in `call'
rack-mini-profiler (2.2.0) lib/mini_profiler/profiler.rb:368:in `call'
webpacker (5.2.1) lib/webpacker/dev_server_proxy.rb:25:in `perform_request'
rack-proxy (0.6.5) lib/rack/proxy.rb:57:in `call'
railties (6.1.0) lib/rails/engine.rb:539:in `call'
puma (5.1.1) lib/puma/configuration.rb:246:in `call'
puma (5.1.1) lib/puma/request.rb:76:in `block in handle_request'
puma (5.1.1) lib/puma/thread_pool.rb:337:in `with_force_shutdown'
puma (5.1.1) lib/puma/request.rb:75:in `handle_request'
puma (5.1.1) lib/puma/server.rb:431:in `process_client'
puma (5.1.1) lib/puma/thread_pool.rb:145:in `block in spawn_thread'
Started GET "/" for 127.0.0.1 at 2020-12-22 15:50:40 -0300
  [1m[35m (1.7ms)[0m  [1m[34mSELECT sqlite_version(*)[0m
  [1m[35m (0.3ms)[0m  [1m[34mSELECT "schema_migrations"."version" FROM "schema_migrations" ORDER BY "schema_migrations"."version" ASC[0m
Processing by Rails::WelcomeController#index as HTML
  Rendering C:/Ruby/lib/ruby/gems/2.7.0/gems/railties-6.1.0/lib/rails/templates/rails/welcome/index.html.erb
  Rendered C:/Ruby/lib/ruby/gems/2.7.0/gems/railties-6.1.0/lib/rails/templates/rails/welcome/index.html.erb (Duration: 13.1ms | Allocations: 335)
Completed 200 OK in 80ms (Views: 25.5ms | ActiveRecord: 0.0ms | Allocations: 2496)


Started GET "/posts" for 127.0.0.1 at 2020-12-22 15:50:51 -0300
Processing by PostsController#index as HTML
  Rendering layout layouts/application.html.erb
  Rendering posts/index.html.erb within layouts/application
  [1m[36mPost Load (0.4ms)[0m  [1m[34mSELECT "posts".* FROM "posts"[0m
  ↳ app/views/posts/index.html.erb:15
  Rendered posts/index.html.erb within layouts/application (Duration: 3.7ms | Allocations: 1027)
[Webpacker] Compiling...
[Webpacker] Compiled all packs in C:/Users/Usuario/Desktop/App/blog/public/packs
[Webpacker] Hash: 415a948d492e21802f43
Version: webpack 4.44.2
Time: 4896ms
Built at: 2020-12-22 15:51:05
                                     Asset       Size       Chunks                         Chunk Names
    js/application-d5a3c3b4dce84b5eb605.js    125 KiB  application  [emitted] [immutable]  application
js/application-d5a3c3b4dce84b5eb605.js.map    139 KiB  application  [emitted] [dev]        application
                             manifest.json  364 bytes               [emitted]              
Entrypoint application = js/application-d5a3c3b4dce84b5eb605.js js/application-d5a3c3b4dce84b5eb605.js.map
[./app/javascript/channels sync recursive _channel\.js$] ./app/javascript/channels sync _channel\.js$ 160 bytes {application} [built]
[./app/javascript/channels/index.js] 211 bytes {application} [built]
[./app/javascript/packs/application.js] 492 bytes {application} [built]
[./node_modules/webpack/buildin/module.js] (webpack)/buildin/module.js 552 bytes {application} [built]
    + 3 hidden modules

  Rendered layout layouts/application.html.erb (Duration: 13722.4ms | Allocations: 32028)
Completed 200 OK in 13751ms (Views: 13727.8ms | ActiveRecord: 0.4ms | Allocations: 34687)


Started GET "/posts/new" for 127.0.0.1 at 2020-12-22 15:54:49 -0300
Processing by PostsController#new as HTML
  Rendering layout layouts/application.html.erb
  Rendering posts/new.html.erb within layouts/application
  Rendered posts/_form.html.erb (Duration: 310.0ms | Allocations: 7666)
  Rendered posts/new.html.erb within layouts/application (Duration: 313.1ms | Allocations: 8015)
[Webpacker] Everything's up-to-date. Nothing to do
  Rendered layout layouts/application.html.erb (Duration: 348.8ms | Allocations: 12446)
Completed 200 OK in 359ms (Views: 349.4ms | ActiveRecord: 1.4ms | Allocations: 15993)


Started POST "/posts" for 127.0.0.1 at 2020-12-22 15:55:11 -0300
Processing by PostsController#create as HTML
  Parameters: {"authenticity_token"=>"[FILTERED]", "post"=>{"title"=>"Posteo", "body"=>"Aca haciendo un nuevo post!"}, "commit"=>"Create Post"}
  [1m[36mTRANSACTION (0.1ms)[0m  [1m[36mbegin transaction[0m
  ↳ app/controllers/posts_controller.rb:30:in `block in create'
  [1m[36mPost Create (0.9ms)[0m  [1m[32mINSERT INTO "posts" ("title", "body", "created_at", "updated_at") VALUES (?, ?, ?, ?)[0m  [["title", "Posteo"], ["body", "Aca haciendo un nuevo post!"], ["created_at", "2020-12-22 18:55:11.481529"], ["updated_at", "2020-12-22 18:55:11.481529"]]
  ↳ app/controllers/posts_controller.rb:30:in `block in create'
  [1m[36mTRANSACTION (0.1ms)[0m  [1m[31mrollback transaction[0m
  ↳ app/controllers/posts_controller.rb:30:in `block in create'
Completed 500 Internal Server Error in 43ms (ActiveRecord: 1.1ms | Allocations: 3787)


  
ActiveRecord::NotNullViolation (SQLite3::ConstraintException: NOT NULL constraint failed: posts.user_id):
  
app/controllers/posts_controller.rb:30:in `block in create'
app/controllers/posts_controller.rb:29:in `create'
  [1m[35m (2.0ms)[0m  [1m[34mSELECT sqlite_version(*)[0m
  [1m[35m (0.5ms)[0m  [1m[34mSELECT "schema_migrations"."version" FROM "schema_migrations" ORDER BY "schema_migrations"."version" ASC[0m
Started GET "/" for 127.0.0.1 at 2020-12-22 18:56:22 -0300
  [1m[35m (1.9ms)[0m  [1m[34mSELECT sqlite_version(*)[0m
  ↳ lib/timer.rb:8:in `call'
  [1m[35m (0.4ms)[0m  [1m[34mSELECT "schema_migrations"."version" FROM "schema_migrations" ORDER BY "schema_migrations"."version" ASC[0m
  ↳ lib/timer.rb:8:in `call'
Processing by Rails::WelcomeController#index as HTML
  Rendering C:/Ruby/lib/ruby/gems/2.7.0/gems/railties-6.1.0/lib/rails/templates/rails/welcome/index.html.erb
  Rendered C:/Ruby/lib/ruby/gems/2.7.0/gems/railties-6.1.0/lib/rails/templates/rails/welcome/index.html.erb (Duration: 25.1ms | Allocations: 335)
Completed 200 OK in 188ms (Views: 51.5ms | ActiveRecord: 0.0ms | Allocations: 2553)


Started GET "/" for 127.0.0.1 at 2020-12-22 18:56:31 -0300
Processing by Rails::WelcomeController#index as */*
  Rendering C:/Ruby/lib/ruby/gems/2.7.0/gems/railties-6.1.0/lib/rails/templates/rails/welcome/index.html.erb
  Rendered C:/Ruby/lib/ruby/gems/2.7.0/gems/railties-6.1.0/lib/rails/templates/rails/welcome/index.html.erb (Duration: 6.1ms | Allocations: 216)
Completed 200 OK in 11ms (Views: 7.2ms | ActiveRecord: 0.0ms | Allocations: 875)


Started GET "/" for 127.0.0.1 at 2020-12-22 18:57:12 -0300
Processing by Rails::WelcomeController#index as HTML
  Rendering C:/Ruby/lib/ruby/gems/2.7.0/gems/railties-6.1.0/lib/rails/templates/rails/welcome/index.html.erb
  Rendered C:/Ruby/lib/ruby/gems/2.7.0/gems/railties-6.1.0/lib/rails/templates/rails/welcome/index.html.erb (Duration: 0.3ms | Allocations: 46)
Completed 200 OK in 4ms (Views: 0.8ms | ActiveRecord: 0.0ms | Allocations: 500)


Started GET "/" for 127.0.0.1 at 2020-12-22 18:59:48 -0300
Processing by Rails::WelcomeController#index as HTML
  Rendering C:/Ruby/lib/ruby/gems/2.7.0/gems/railties-6.1.0/lib/rails/templates/rails/welcome/index.html.erb
  Rendered C:/Ruby/lib/ruby/gems/2.7.0/gems/railties-6.1.0/lib/rails/templates/rails/welcome/index.html.erb (Duration: 0.3ms | Allocations: 46)
Completed 200 OK in 2ms (Views: 0.9ms | ActiveRecord: 0.0ms | Allocations: 393)


Started GET "/post" for 127.0.0.1 at 2020-12-22 19:00:55 -0300
  
ActionController::RoutingError (No route matches [GET] "/post"):
  
lib/timer.rb:8:in `call'
Started GET "/posts" for 127.0.0.1 at 2020-12-22 19:01:02 -0300
Processing by PostsController#index as HTML
  Rendering layout layouts/application.html.erb
  Rendering posts/index.html.erb within layouts/application
  [1m[36mPost Load (0.3ms)[0m  [1m[34mSELECT "posts".* FROM "posts"[0m
  ↳ app/views/posts/index.html.erb:15
  Rendered posts/index.html.erb within layouts/application (Duration: 2.9ms | Allocations: 1033)
[Webpacker] Everything's up-to-date. Nothing to do
  Rendered layout layouts/application.html.erb (Duration: 581.6ms | Allocations: 9442)
Completed 200 OK in 833ms (Views: 593.8ms | ActiveRecord: 0.3ms | Allocations: 12159)


Started GET "/posts/new" for 127.0.0.1 at 2020-12-22 19:01:06 -0300
Processing by PostsController#new as HTML
  Rendering layout layouts/application.html.erb
  Rendering posts/new.html.erb within layouts/application
  Rendered posts/_form.html.erb (Duration: 183.5ms | Allocations: 2546)
  Rendered posts/new.html.erb within layouts/application (Duration: 187.4ms | Allocations: 2890)
[Webpacker] Everything's up-to-date. Nothing to do
  Rendered layout layouts/application.html.erb (Duration: 227.9ms | Allocations: 7425)
Completed 200 OK in 238ms (Views: 228.6ms | ActiveRecord: 1.0ms | Allocations: 10984)


Started POST "/posts" for 127.0.0.1 at 2020-12-22 19:01:19 -0300
Processing by PostsController#create as HTML
  Parameters: {"authenticity_token"=>"[FILTERED]", "post"=>{"title"=>"Hi", "body"=>"Hello world!"}, "commit"=>"Create Post"}
  [1m[36mTRANSACTION (0.1ms)[0m  [1m[36mbegin transaction[0m
  ↳ app/controllers/posts_controller.rb:30:in `block in create'
  [1m[36mPost Create (157.1ms)[0m  [1m[32mINSERT INTO "posts" ("title", "body", "created_at", "updated_at") VALUES (?, ?, ?, ?)[0m  [["title", "Hi"], ["body", "Hello world!"], ["created_at", "2020-12-22 22:01:19.167954"], ["updated_at", "2020-12-22 22:01:19.167954"]]
  ↳ app/controllers/posts_controller.rb:30:in `block in create'
  [1m[36mTRANSACTION (0.1ms)[0m  [1m[31mrollback transaction[0m
  ↳ app/controllers/posts_controller.rb:30:in `block in create'
Completed 500 Internal Server Error in 189ms (ActiveRecord: 157.3ms | Allocations: 3810)


  
ActiveRecord::NotNullViolation (SQLite3::ConstraintException: NOT NULL constraint failed: posts.user_id):
  
app/controllers/posts_controller.rb:30:in `block in create'
app/controllers/posts_controller.rb:29:in `create'
lib/timer.rb:8:in `call'
Started GET "/posts" for 127.0.0.1 at 2020-12-22 19:24:53 -0300
  [1m[35m (1.7ms)[0m  [1m[34mSELECT sqlite_version(*)[0m
  ↳ lib/timer.rb:8:in `call'
  [1m[35m (0.4ms)[0m  [1m[34mSELECT "schema_migrations"."version" FROM "schema_migrations" ORDER BY "schema_migrations"."version" ASC[0m
  ↳ lib/timer.rb:8:in `call'
Processing by PostsController#index as HTML
  Rendering layout layouts/application.html.erb
  Rendering posts/index.html.erb within layouts/application
  [1m[36mPost Load (0.4ms)[0m  [1m[34mSELECT "posts".* FROM "posts"[0m
  ↳ app/views/posts/index.html.erb:15
  Rendered posts/index.html.erb within layouts/application (Duration: 35.1ms | Allocations: 1137)
[Webpacker] Everything's up-to-date. Nothing to do
  Rendered layout layouts/application.html.erb (Duration: 339.6ms | Allocations: 9558)
Completed 200 OK in 661ms (Views: 400.9ms | ActiveRecord: 0.4ms | Allocations: 13665)


Started GET "/posts/new" for 127.0.0.1 at 2020-12-22 19:24:56 -0300
Processing by PostsController#new as HTML
  Rendering layout layouts/application.html.erb
  Rendering posts/new.html.erb within layouts/application
  Rendered posts/_form.html.erb (Duration: 509.8ms | Allocations: 5881)
  Rendered posts/new.html.erb within layouts/application (Duration: 513.5ms | Allocations: 6227)
[Webpacker] Everything's up-to-date. Nothing to do
  Rendered layout layouts/application.html.erb (Duration: 566.1ms | Allocations: 10664)
Completed 200 OK in 577ms (Views: 567.8ms | ActiveRecord: 1.0ms | Allocations: 14185)


Started POST "/posts" for 127.0.0.1 at 2020-12-22 19:25:11 -0300
Processing by PostsController#create as HTML
  Parameters: {"authenticity_token"=>"[FILTERED]", "post"=>{"title"=>"Test", "body"=>"test!"}, "commit"=>"Create Post"}
  [1m[36mTRANSACTION (0.1ms)[0m  [1m[36mbegin transaction[0m
  ↳ app/controllers/posts_controller.rb:30:in `block in create'
  [1m[36mPost Create (99.9ms)[0m  [1m[32mINSERT INTO "posts" ("title", "body", "created_at", "updated_at") VALUES (?, ?, ?, ?)[0m  [["title", "Test"], ["body", "test!"], ["created_at", "2020-12-22 22:25:11.707580"], ["updated_at", "2020-12-22 22:25:11.707580"]]
  ↳ app/controllers/posts_controller.rb:30:in `block in create'
  [1m[36mTRANSACTION (0.2ms)[0m  [1m[31mrollback transaction[0m
  ↳ app/controllers/posts_controller.rb:30:in `block in create'
Completed 500 Internal Server Error in 186ms (ActiveRecord: 100.1ms | Allocations: 3813)


  
ActiveRecord::NotNullViolation (SQLite3::ConstraintException: NOT NULL constraint failed: posts.user_id):
  
app/controllers/posts_controller.rb:30:in `block in create'
app/controllers/posts_controller.rb:29:in `create'
lib/timer.rb:8:in `call'
Started GET "/posts/new" for 127.0.0.1 at 2020-12-22 19:26:39 -0300
Processing by PostsController#new as HTML
  Rendering layout layouts/application.html.erb
  Rendering posts/new.html.erb within layouts/application
  Rendered posts/_form.html.erb (Duration: 1.6ms | Allocations: 698)
  Rendered posts/new.html.erb within layouts/application (Duration: 2.9ms | Allocations: 806)
[Webpacker] Everything's up-to-date. Nothing to do
  Rendered layout layouts/application.html.erb (Duration: 47.8ms | Allocations: 5375)
Completed 200 OK in 51ms (Views: 49.9ms | ActiveRecord: 0.0ms | Allocations: 5801)


